<?xml version="1.0" encoding="UTF-8"?>
<testsuite xmlns:xsi="http://www.w3.org/2001/XMLSchema-instance" xsi:noNamespaceSchemaLocation="https://maven.apache.org/surefire/maven-surefire-plugin/xsd/surefire-test-report.xsd" name="io.cucumber.skeleton.RunCucumberTest" time="37.657" tests="3" errors="0" skipped="0" failures="0">
  <properties>
[...]
</properties>
  <testcase name="Adding a product to basket" classname="Adding product" time="16.981"/>
  <testcase name="Login An Account" classname="Checkout product" time="6.037"/>
  <testcase name="Search the product and add to basket" classname="Checkout product" time="14.066"/>
</testsuite>