<?xml version="1.0" encoding="UTF-8"?>
<testsuite xmlns:xsi="http://www.w3.org/2001/XMLSchema-instance" xsi:noNamespaceSchemaLocation="https://maven.apache.org/surefire/maven-surefire-plugin/xsd/surefire-test-report.xsd" name="io.cucumber.skeleton.RunCucumberTest" time="23.402" tests="3" errors="2" skipped="0" failures="0">
  <properties>
[...]
</properties>
  <testcase name="Adding a product to basket" classname="Adding product" time="12.811">
    <error message="&quot;Add product to basket&quot; matches more than one step definition:&#10;  &quot;^Add product to basket&quot; in io.cucumber.skeleton.AddBasketStepDefinitions.add_product_to_basket()&#10;  &quot;^Add product to basket$&quot; in io.cucumber.skeleton.CheckoutStepDefinitions.add_product()" type="io.cucumber.core.runner.AmbiguousStepDefinitionsException">io.cucumber.core.runner.AmbiguousStepDefinitionsException: 
"Add product to basket" matches more than one step definition:
  "^Add product to basket" in io.cucumber.skeleton.AddBasketStepDefinitions.add_product_to_basket()
  "^Add product to basket$" in io.cucumber.skeleton.CheckoutStepDefinitions.add_product()
</error>
    <system-out><![CDATA[
@RegressionTest
Scenario: Adding a product to basket                           &amp#27;[90m# io/cucumber/skeleton/AddBasketTest.feature:4&amp#27;[0m
Siteye gidildi.
  &amp#27;[32mGiven &amp#27;[0m&amp#27;[32mNavigate to Website&amp#27;[0m                                    &amp#27;[90m# io.cucumber.skeleton.AddBasketStepDefinitions.navigate_to_website()&amp#27;[0m
Kitap, Müzik, Film, Hoby kategorisine tıklandı.
  &amp#27;[32mAnd &amp#27;[0m&amp#27;[32mClick on Book, Music, Movie, Hobby category&amp#27;[0m              &amp#27;[90m# io.cucumber.skeleton.AddBasketStepDefinitions.click_on_category()&amp#27;[0m
Uzaktan Kumandalı Araçlar alt kategorisine tıklandı.
  &amp#27;[32mAnd &amp#27;[0m&amp#27;[32mClick on the Remote Control Tools tab under the category&amp#27;[0m &amp#27;[90m# io.cucumber.skeleton.AddBasketStepDefinitions.click_on_subCategory()&amp#27;[0m
Drone yedek parçası bulundu.
  &amp#27;[32mAnd &amp#27;[0m&amp#27;[32mChoose one of the drone spare parts&amp#27;[0m                      &amp#27;[90m# io.cucumber.skeleton.AddBasketStepDefinitions.choose_product()&amp#27;[0m
  &amp#27;[31mWhen &amp#27;[0m&amp#27;[31mAdd product to basket&amp#27;[0m                                   &amp#27;[90m# null&amp#27;[0m
      &amp#27;[31mio.cucumber.core.runner.AmbiguousStepDefinitionsException: "Add product to basket" matches more than one step definition:
  "^Add product to basket" in io.cucumber.skeleton.AddBasketStepDefinitions.add_product_to_basket()
  "^Add product to basket$" in io.cucumber.skeleton.CheckoutStepDefinitions.add_product()
	at io.cucumber.core.runner.CachingGlue.findStepDefinitionMatch(CachingGlue.java:373)
	at io.cucumber.core.runner.CachingGlue.stepDefinitionMatch(CachingGlue.java:341)
	at io.cucumber.core.runner.Runner.matchStepToStepDefinition(Runner.java:148)
	at io.cucumber.core.runner.Runner.createTestStepsForPickleSteps(Runner.java:128)
	at io.cucumber.core.runner.Runner.createTestCaseForPickle(Runner.java:111)
	at io.cucumber.core.runner.Runner.runPickle(Runner.java:72)
	at io.cucumber.junit.PickleRunners$NoStepDescriptions.run(PickleRunners.java:151)
	at io.cucumber.junit.FeatureRunner.runChild(FeatureRunner.java:135)
	at io.cucumber.junit.FeatureRunner.runChild(FeatureRunner.java:27)
	at org.junit.runners.ParentRunner$4.run(ParentRunner.java:331)
	at org.junit.runners.ParentRunner$1.schedule(ParentRunner.java:79)
	at org.junit.runners.ParentRunner.runChildren(ParentRunner.java:329)
	at org.junit.runners.ParentRunner.access$100(ParentRunner.java:66)
	at org.junit.runners.ParentRunner$2.evaluate(ParentRunner.java:293)
	at org.junit.runners.ParentRunner$3.evaluate(ParentRunner.java:306)
	at org.junit.runners.ParentRunner.run(ParentRunner.java:413)
	at io.cucumber.junit.Cucumber.runChild(Cucumber.java:200)
	at io.cucumber.junit.Cucumber.runChild(Cucumber.java:90)
	at org.junit.runners.ParentRunner$4.run(ParentRunner.java:331)
	at org.junit.runners.ParentRunner$1.schedule(ParentRunner.java:79)
	at org.junit.runners.ParentRunner.runChildren(ParentRunner.java:329)
	at org.junit.runners.ParentRunner.access$100(ParentRunner.java:66)
	at org.junit.runners.ParentRunner$2.evaluate(ParentRunner.java:293)
	at io.cucumber.junit.Cucumber$RunCucumber.evaluate(Cucumber.java:235)
	at org.junit.runners.ParentRunner$3.evaluate(ParentRunner.java:306)
	at org.junit.runners.ParentRunner.run(ParentRunner.java:413)
	at org.apache.maven.surefire.junit4.JUnit4Provider.execute(JUnit4Provider.java:365)
	at org.apache.maven.surefire.junit4.JUnit4Provider.executeWithRerun(JUnit4Provider.java:273)
	at org.apache.maven.surefire.junit4.JUnit4Provider.executeTestSet(JUnit4Provider.java:238)
	at org.apache.maven.surefire.junit4.JUnit4Provider.invoke(JUnit4Provider.java:159)
	at org.apache.maven.surefire.booter.ForkedBooter.invokeProviderInSameClassLoader(ForkedBooter.java:384)
	at org.apache.maven.surefire.booter.ForkedBooter.runSuitesInProcess(ForkedBooter.java:345)
	at org.apache.maven.surefire.booter.ForkedBooter.execute(ForkedBooter.java:126)
	at org.apache.maven.surefire.booter.ForkedBooter.main(ForkedBooter.java:418)
&amp#27;[0m
  &amp#27;[36mAnd &amp#27;[0m&amp#27;[36mClose the modal&amp#27;[0m                                          &amp#27;[90m# io.cucumber.skeleton.AddBasketStepDefinitions.close_the_modal()&amp#27;[0m
  &amp#27;[36mThen &amp#27;[0m&amp#27;[36mView basket&amp#27;[0m                                             &amp#27;[90m# io.cucumber.skeleton.AddBasketStepDefinitions.view_basket()&amp#27;[0m
]]></system-out>
    <system-err><![CDATA[Starting ChromeDriver 90.0.4430.24 (4c6d850f087da467d926e8eddb76550aed655991-refs/branch-heads/4430@{#429}) on port 45664
Only local connections are allowed.
Please see https://chromedriver.chromium.org/security-considerations for suggestions on keeping ChromeDriver safe.
ChromeDriver was started successfully.
May 24, 2021 10:29:18 ÖS org.openqa.selenium.remote.ProtocolHandshake createSession
INFO: Detected dialect: W3C
]]></system-err>
  </testcase>
  <testcase name="Login An Account" classname="Checkout product" time="6.32"/>
  <testcase name="Search the product and add to basket" classname="Checkout product" time="3.804">
    <error message="stale element reference: element is not attached to the page document&#10;  (Session info: chrome=90.0.4430.212)&#10;For documentation on this error, please visit: http://seleniumhq.org/exceptions/stale_element_reference.html&#10;Build info: version: &apos;3.141.5&apos;, revision: &apos;d54ebd709a&apos;, time: &apos;2018-11-06T11:42:16&apos;&#10;System info: host: &apos;Bahars-MacBook-Pro.local&apos;, ip: &apos;fe80:0:0:0:14be:6b1a:5630:b3c4%en0&apos;, os.name: &apos;Mac OS X&apos;, os.arch: &apos;x86_64&apos;, os.version: &apos;11.3.1&apos;, java.version: &apos;15.0.2&apos;&#10;Driver info: org.openqa.selenium.chrome.ChromeDriver&#10;Capabilities {acceptInsecureCerts: false, browserName: chrome, browserVersion: 90.0.4430.212, chrome: {chromedriverVersion: 90.0.4430.24 (4c6d850f087da..., userDataDir: /var/folders/wg/r7hs6lc90fs...}, goog:chromeOptions: {debuggerAddress: localhost:59453}, javascriptEnabled: true, networkConnectionEnabled: false, pageLoadStrategy: normal, platform: MAC, platformName: MAC, proxy: Proxy(), setWindowRect: true, strictFileInteractability: false, timeouts: {implicit: 0, pageLoad: 300000, script: 30000}, unhandledPromptBehavior: dismiss and notify, webauthn:extension:largeBlob: true, webauthn:virtualAuthenticators: true}&#10;Session ID: 8832272521350cd3fc52537b3f98fc67" type="org.openqa.selenium.StaleElementReferenceException">org.openqa.selenium.StaleElementReferenceException: 
stale element reference: element is not attached to the page document
  (Session info: chrome=90.0.4430.212)
For documentation on this error, please visit: http://seleniumhq.org/exceptions/stale_element_reference.html
Build info: version: '3.141.5', revision: 'd54ebd709a', time: '2018-11-06T11:42:16'
System info: host: 'Bahars-MacBook-Pro.local', ip: 'fe80:0:0:0:14be:6b1a:5630:b3c4%en0', os.name: 'Mac OS X', os.arch: 'x86_64', os.version: '11.3.1', java.version: '15.0.2'
Driver info: org.openqa.selenium.chrome.ChromeDriver
Capabilities {acceptInsecureCerts: false, browserName: chrome, browserVersion: 90.0.4430.212, chrome: {chromedriverVersion: 90.0.4430.24 (4c6d850f087da..., userDataDir: /var/folders/wg/r7hs6lc90fs...}, goog:chromeOptions: {debuggerAddress: localhost:59453}, javascriptEnabled: true, networkConnectionEnabled: false, pageLoadStrategy: normal, platform: MAC, platformName: MAC, proxy: Proxy(), setWindowRect: true, strictFileInteractability: false, timeouts: {implicit: 0, pageLoad: 300000, script: 30000}, unhandledPromptBehavior: dismiss and notify, webauthn:extension:largeBlob: true, webauthn:virtualAuthenticators: true}
Session ID: 8832272521350cd3fc52537b3f98fc67
</error>
    <system-out><![CDATA[
@RegressionTest
Scenario: Search the product and add to basket  &amp#27;[90m# io/cucumber/skeleton/CheckoutTest.feature:13&amp#27;[0m
  &amp#27;[31mGiven &amp#27;[0m&amp#27;[31mTyping a product name in the search bar&amp#27;[0m &amp#27;[90m# io.cucumber.skeleton.CheckoutStepDefinitions.product_name_seacrhBar()&amp#27;[0m
      &amp#27;[31morg.openqa.selenium.StaleElementReferenceException: stale element reference: element is not attached to the page document
  (Session info: chrome=90.0.4430.212)
For documentation on this error, please visit: http://seleniumhq.org/exceptions/stale_element_reference.html
Build info: version: '3.141.5', revision: 'd54ebd709a', time: '2018-11-06T11:42:16'
System info: host: 'Bahars-MacBook-Pro.local', ip: 'fe80:0:0:0:14be:6b1a:5630:b3c4%en0', os.name: 'Mac OS X', os.arch: 'x86_64', os.version: '11.3.1', java.version: '15.0.2'
Driver info: org.openqa.selenium.chrome.ChromeDriver
Capabilities {acceptInsecureCerts: false, browserName: chrome, browserVersion: 90.0.4430.212, chrome: {chromedriverVersion: 90.0.4430.24 (4c6d850f087da..., userDataDir: /var/folders/wg/r7hs6lc90fs...}, goog:chromeOptions: {debuggerAddress: localhost:59453}, javascriptEnabled: true, networkConnectionEnabled: false, pageLoadStrategy: normal, platform: MAC, platformName: MAC, proxy: Proxy(), setWindowRect: true, strictFileInteractability: false, timeouts: {implicit: 0, pageLoad: 300000, script: 30000}, unhandledPromptBehavior: dismiss and notify, webauthn:extension:largeBlob: true, webauthn:virtualAuthenticators: true}
Session ID: 8832272521350cd3fc52537b3f98fc67
	at java.base/jdk.internal.reflect.NativeConstructorAccessorImpl.newInstance0(Native Method)
	at java.base/jdk.internal.reflect.NativeConstructorAccessorImpl.newInstance(NativeConstructorAccessorImpl.java:64)
	at java.base/jdk.internal.reflect.DelegatingConstructorAccessorImpl.newInstance(DelegatingConstructorAccessorImpl.java:45)
	at java.base/java.lang.reflect.Constructor.newInstanceWithCaller(Constructor.java:500)
	at java.base/java.lang.reflect.Constructor.newInstance(Constructor.java:481)
	at org.openqa.selenium.remote.http.W3CHttpResponseCodec.createException(W3CHttpResponseCodec.java:187)
	at org.openqa.selenium.remote.http.W3CHttpResponseCodec.decode(W3CHttpResponseCodec.java:122)
	at org.openqa.selenium.remote.http.W3CHttpResponseCodec.decode(W3CHttpResponseCodec.java:49)
	at org.openqa.selenium.remote.HttpCommandExecutor.execute(HttpCommandExecutor.java:158)
	at org.openqa.selenium.remote.service.DriverCommandExecutor.execute(DriverCommandExecutor.java:83)
	at org.openqa.selenium.remote.RemoteWebDriver.execute(RemoteWebDriver.java:552)
	at org.openqa.selenium.remote.RemoteWebElement.execute(RemoteWebElement.java:285)
	at org.openqa.selenium.remote.RemoteWebElement.isDisplayed(RemoteWebElement.java:326)
	at java.base/jdk.internal.reflect.NativeMethodAccessorImpl.invoke0(Native Method)
	at java.base/jdk.internal.reflect.NativeMethodAccessorImpl.invoke(NativeMethodAccessorImpl.java:64)
	at java.base/jdk.internal.reflect.DelegatingMethodAccessorImpl.invoke(DelegatingMethodAccessorImpl.java:43)
	at java.base/java.lang.reflect.Method.invoke(Method.java:564)
	at org.openqa.selenium.support.pagefactory.internal.LocatingElementHandler.invoke(LocatingElementHandler.java:51)
	at com.sun.proxy.$Proxy18.isDisplayed(Unknown Source)
	at org.openqa.selenium.support.ui.ExpectedConditions.elementIfVisible(ExpectedConditions.java:314)
	at org.openqa.selenium.support.ui.ExpectedConditions.access$000(ExpectedConditions.java:43)
	at org.openqa.selenium.support.ui.ExpectedConditions$10.apply(ExpectedConditions.java:300)
	at org.openqa.selenium.support.ui.ExpectedConditions$10.apply(ExpectedConditions.java:297)
	at org.openqa.selenium.support.ui.FluentWait.until(FluentWait.java:249)
	at pageObjectModel.abstractClass.sendKeysFunction(abstractClass.java:22)
	at pageObjectModel.CheckoutEvents.sendProductName(CheckoutEvents.java:21)
	at io.cucumber.skeleton.CheckoutStepDefinitions.product_name_seacrhBar(CheckoutStepDefinitions.java:16)
	at ✽.Typing a product name in the search bar(classpath:io/cucumber/skeleton/CheckoutTest.feature:14)
&amp#27;[0m
  &amp#27;[36mAnd &amp#27;[0m&amp#27;[36mSelect product&amp#27;[0m                            &amp#27;[90m# io.cucumber.skeleton.CheckoutStepDefinitions.select_product()&amp#27;[0m
  &amp#27;[36mAnd &amp#27;[0m&amp#27;[36mAdd product to basket&amp#27;[0m                     &amp#27;[90m# null&amp#27;[0m
  &amp#27;[36mAnd &amp#27;[0m&amp#27;[36mClose the success modal&amp#27;[0m                   &amp#27;[90m# io.cucumber.skeleton.CheckoutStepDefinitions.close_success_modal()&amp#27;[0m
  &amp#27;[36mWhen &amp#27;[0m&amp#27;[36mRe-add from different merchant&amp#27;[0m           &amp#27;[90m# io.cucumber.skeleton.CheckoutStepDefinitions.different_merchant()&amp#27;[0m
  &amp#27;[36mAnd &amp#27;[0m&amp#27;[36mClose the success modal&amp#27;[0m                   &amp#27;[90m# io.cucumber.skeleton.CheckoutStepDefinitions.close_success_modal()&amp#27;[0m
  &amp#27;[36mThen &amp#27;[0m&amp#27;[36mView account basket&amp#27;[0m                      &amp#27;[90m# io.cucumber.skeleton.CheckoutStepDefinitions.view_account_basket()&amp#27;[0m
]]></system-out>
  </testcase>
</testsuite>